<?xml version="1.0" encoding="UTF-8"?>
<!-- Generated by org.testng.reporters.JUnitXMLReporter -->
<testsuite ignored="4" hostname="LIN51013508" failures="0" tests="1" name="Default test" time="51.906" errors="0" timestamp="2023-01-11T14:57:21 IST">
  <testcase classname="com.android.automation.test1.SwiggyAppTest" name="swiggySearchPage" time="34.978"/>
  <testcase classname="com.android.automation.test1.SwiggyAppTest" name="runLocationTest" time="0.0">
    <ignored/>
  </testcase> <!-- runLocationTest -->
  <testcase classname="com.android.automation.test1.SwiggyAppTest" name="swiggyHomePage" time="0.0">
    <ignored/>
  </testcase> <!-- swiggyHomePage -->
  <testcase classname="com.android.automation.test1.SwiggyAppTest" name="runLoginTest" time="0.0">
    <ignored/>
  </testcase> <!-- runLoginTest -->
  <testcase classname="com.android.automation.test1.SwiggyAppTest" name="runLogoutTest" time="0.0">
    <ignored/>
  </testcase> <!-- runLogoutTest -->
</testsuite> <!-- Default test -->
