<?xml version="1.0" encoding="UTF-8"?>
<!-- Generated by org.testng.reporters.JUnitXMLReporter -->
<testsuite ignored="0" hostname="Zixiang" failures="0" tests="3" name="Test" time="99.18" errors="0" timestamp="2022-03-26T23:37:13 SGT">
  <testcase classname="com.android.automation.test1.SwiggyAppTest" name="Checkbox_Radio__Adding_Item_tc1" time="59.658"/>
  <testcase classname="com.android.automation.test1.SwiggyAppTest" name="Signup_Invalid_phone_number_tc2" time="5.782"/>
  <testcase classname="com.android.automation.test1.SwiggyAppTest" name="LocateMe_InvalidLocation_tc3" time="13.437"/>
</testsuite> <!-- Test -->
