<?xml version="1.0" encoding="UTF-8"?>
<testng-results ignored="4" total="5" passed="1" failed="0" skipped="0">
  <reporter-output>
  </reporter-output>
  <suite started-at="2023-01-11T14:56:29 IST" name="Default suite" finished-at="2023-01-11T14:57:21 IST" duration-ms="51906">
    <groups>
    </groups>
    <test started-at="2023-01-11T14:56:29 IST" name="Default test" finished-at="2023-01-11T14:57:21 IST" duration-ms="51906">
      <class name="com.android.automation.test1.SwiggyAppTest">
        <test-method is-config="true" signature="setup()[pri:0, instance:com.android.automation.test1.SwiggyAppTest@4ec4f3a0]" started-at="2023-01-11T14:56:29 IST" name="setup" finished-at="2023-01-11T14:56:45 IST" duration-ms="16109" status="PASS">
          <reporter-output>
          </reporter-output>
        </test-method> <!-- setup -->
        <test-method signature="swiggySearchPage()[pri:0, instance:com.android.automation.test1.SwiggyAppTest@4ec4f3a0]" started-at="2023-01-11T14:56:45 IST" name="swiggySearchPage" finished-at="2023-01-11T14:57:20 IST" duration-ms="34978" status="PASS">
          <reporter-output>
          </reporter-output>
        </test-method> <!-- swiggySearchPage -->
        <test-method is-config="true" signature="tearDown()[pri:0, instance:com.android.automation.test1.SwiggyAppTest@4ec4f3a0]" started-at="2023-01-11T14:57:20 IST" name="tearDown" finished-at="2023-01-11T14:57:21 IST" duration-ms="763" status="PASS">
          <reporter-output>
          </reporter-output>
        </test-method> <!-- tearDown -->
      </class> <!-- com.android.automation.test1.SwiggyAppTest -->
    </test> <!-- Default test -->
  </suite> <!-- Default suite -->
</testng-results>
